{"C:\\Users\\Asus\\OneDrive\\Documents\\GO-IT\\05-images\\app.js": {"path":"C:\\Users\\Asus\\OneDrive\\Documents\\GO-IT\\05-images\\app.js","statementMap":{"0":{"start":{"line":1,"column":16},"end":{"line":1,"column":34}},"1":{"start":{"line":2,"column":15},"end":{"line":2,"column":32}},"2":{"start":{"line":3,"column":13},"end":{"line":3,"column":28}},"3":{"start":{"line":4,"column":15},"end":{"line":4,"column":32}},"4":{"start":{"line":5,"column":18},"end":{"line":5,"column":47}},"5":{"start":{"line":6,"column":19},"end":{"line":6,"column":49}},"6":{"start":{"line":7,"column":0},"end":{"line":7,"column":26}},"7":{"start":{"line":8,"column":13},"end":{"line":8,"column":28}},"8":{"start":{"line":10,"column":23},"end":{"line":10,"column":55}},"9":{"start":{"line":11,"column":19},"end":{"line":11,"column":43}},"10":{"start":{"line":12,"column":20},"end":{"line":12,"column":45}},"11":{"start":{"line":14,"column":24},"end":{"line":14,"column":51}},"12":{"start":{"line":16,"column":12},"end":{"line":16,"column":21}},"13":{"start":{"line":18,"column":22},"end":{"line":18,"column":72}},"14":{"start":{"line":20,"column":0},"end":{"line":20,"column":30}},"15":{"start":{"line":21,"column":0},"end":{"line":21,"column":15}},"16":{"start":{"line":22,"column":0},"end":{"line":22,"column":38}},"17":{"start":{"line":23,"column":0},"end":{"line":23,"column":18}},"18":{"start":{"line":24,"column":0},"end":{"line":24,"column":62}},"19":{"start":{"line":26,"column":19},"end":{"line":37,"column":2}},"20":{"start":{"line":30,"column":4},"end":{"line":35,"column":6}},"21":{"start":{"line":41,"column":0},"end":{"line":41,"column":40}},"22":{"start":{"line":42,"column":0},"end":{"line":42,"column":29}},"23":{"start":{"line":43,"column":0},"end":{"line":43,"column":31}},"24":{"start":{"line":45,"column":0},"end":{"line":47,"column":2}},"25":{"start":{"line":46,"column":2},"end":{"line":46,"column":48}},"26":{"start":{"line":49,"column":0},"end":{"line":51,"column":2}},"27":{"start":{"line":50,"column":2},"end":{"line":50,"column":62}},"28":{"start":{"line":53,"column":0},"end":{"line":53,"column":20}}},"fnMap":{"0":{"name":"(anonymous_0)","decl":{"start":{"line":29,"column":11},"end":{"line":29,"column":12}},"loc":{"start":{"line":29,"column":29},"end":{"line":36,"column":1}},"line":29},"1":{"name":"(anonymous_1)","decl":{"start":{"line":45,"column":8},"end":{"line":45,"column":9}},"loc":{"start":{"line":45,"column":22},"end":{"line":47,"column":1}},"line":45},"2":{"name":"(anonymous_2)","decl":{"start":{"line":49,"column":8},"end":{"line":49,"column":9}},"loc":{"start":{"line":49,"column":33},"end":{"line":51,"column":1}},"line":49}},"branchMap":{"0":{"loc":{"start":{"line":18,"column":22},"end":{"line":18,"column":72}},"type":"cond-expr","locations":[{"start":{"line":18,"column":57},"end":{"line":18,"column":62}},{"start":{"line":18,"column":65},"end":{"line":18,"column":72}}],"line":18},"1":{"loc":{"start":{"line":50,"column":13},"end":{"line":50,"column":30}},"type":"binary-expr","locations":[{"start":{"line":50,"column":13},"end":{"line":50,"column":23}},{"start":{"line":50,"column":27},"end":{"line":50,"column":30}}],"line":50}},"s":{"0":3,"1":3,"2":3,"3":3,"4":3,"5":3,"6":3,"7":3,"8":3,"9":3,"10":3,"11":3,"12":3,"13":3,"14":3,"15":3,"16":3,"17":3,"18":3,"19":3,"20":0,"21":3,"22":3,"23":3,"24":3,"25":0,"26":3,"27":3,"28":3},"f":{"0":0,"1":0,"2":3},"b":{"0":[0,3],"1":[3,0]},"_coverageSchema":"1a1c01bbd47fc00a2c39e90264f33305004495a9","hash":"dfd9f26a8c67da74e8427d901c56a4d04d5c08d1"}
,"C:\\Users\\Asus\\OneDrive\\Documents\\GO-IT\\05-images\\config\\passport.js": {"path":"C:\\Users\\Asus\\OneDrive\\Documents\\GO-IT\\05-images\\config\\passport.js","statementMap":{"0":{"start":{"line":1,"column":17},"end":{"line":1,"column":36}},"1":{"start":{"line":2,"column":31},"end":{"line":2,"column":54}},"2":{"start":{"line":3,"column":0},"end":{"line":3,"column":26}},"3":{"start":{"line":4,"column":19},"end":{"line":4,"column":41}},"4":{"start":{"line":6,"column":13},"end":{"line":6,"column":39}},"5":{"start":{"line":9,"column":13},"end":{"line":12,"column":1}},"6":{"start":{"line":16,"column":0},"end":{"line":35,"column":2}},"7":{"start":{"line":18,"column":8},"end":{"line":33,"column":9}},"8":{"start":{"line":20,"column":25},"end":{"line":20,"column":56}},"9":{"start":{"line":22,"column":12},"end":{"line":24,"column":13}},"10":{"start":{"line":23,"column":16},"end":{"line":23,"column":56}},"11":{"start":{"line":26,"column":12},"end":{"line":28,"column":13}},"12":{"start":{"line":27,"column":16},"end":{"line":27,"column":41}},"13":{"start":{"line":30,"column":12},"end":{"line":30,"column":36}},"14":{"start":{"line":32,"column":12},"end":{"line":32,"column":19}}},"fnMap":{"0":{"name":"(anonymous_0)","decl":{"start":{"line":17,"column":25},"end":{"line":17,"column":26}},"loc":{"start":{"line":17,"column":50},"end":{"line":34,"column":5}},"line":17}},"branchMap":{"0":{"loc":{"start":{"line":22,"column":12},"end":{"line":24,"column":13}},"type":"if","locations":[{"start":{"line":22,"column":12},"end":{"line":24,"column":13}},{"start":{"line":22,"column":12},"end":{"line":24,"column":13}}],"line":22},"1":{"loc":{"start":{"line":26,"column":12},"end":{"line":28,"column":13}},"type":"if","locations":[{"start":{"line":26,"column":12},"end":{"line":28,"column":13}},{"start":{"line":26,"column":12},"end":{"line":28,"column":13}}],"line":26}},"s":{"0":3,"1":3,"2":3,"3":3,"4":3,"5":3,"6":3,"7":10,"8":10,"9":10,"10":0,"11":10,"12":0,"13":10,"14":0},"f":{"0":10},"b":{"0":[0,10],"1":[0,10]},"_coverageSchema":"1a1c01bbd47fc00a2c39e90264f33305004495a9","hash":"df2eeaf2b19849b9c9e47b0b6fd41be49421ad76"}
,"C:\\Users\\Asus\\OneDrive\\Documents\\GO-IT\\05-images\\controllers\\auth.js": {"path":"C:\\Users\\Asus\\OneDrive\\Documents\\GO-IT\\05-images\\controllers\\auth.js","statementMap":{"0":{"start":{"line":1,"column":13},"end":{"line":1,"column":39}},"1":{"start":{"line":2,"column":12},"end":{"line":2,"column":35}},"2":{"start":{"line":3,"column":19},"end":{"line":3,"column":52}},"3":{"start":{"line":4,"column":0},"end":{"line":4,"column":26}},"4":{"start":{"line":5,"column":19},"end":{"line":5,"column":41}},"5":{"start":{"line":7,"column":11},"end":{"line":7,"column":33}},"6":{"start":{"line":8,"column":13},"end":{"line":8,"column":28}},"7":{"start":{"line":9,"column":13},"end":{"line":9,"column":28}},"8":{"start":{"line":10,"column":28},"end":{"line":10,"column":62}},"9":{"start":{"line":14,"column":17},"end":{"line":45,"column":1}},"10":{"start":{"line":16,"column":4},"end":{"line":44,"column":5}},"11":{"start":{"line":17,"column":26},"end":{"line":17,"column":34}},"12":{"start":{"line":18,"column":21},"end":{"line":18,"column":50}},"13":{"start":{"line":20,"column":8},"end":{"line":29,"column":9}},"14":{"start":{"line":22,"column":12},"end":{"line":27,"column":16}},"15":{"start":{"line":31,"column":24},"end":{"line":31,"column":51}},"16":{"start":{"line":33,"column":8},"end":{"line":41,"column":10}},"17":{"start":{"line":43,"column":6},"end":{"line":43,"column":14}},"18":{"start":{"line":47,"column":14},"end":{"line":82,"column":1}},"19":{"start":{"line":49,"column":4},"end":{"line":81,"column":5}},"20":{"start":{"line":50,"column":36},"end":{"line":50,"column":44}},"21":{"start":{"line":51,"column":21},"end":{"line":51,"column":50}},"22":{"start":{"line":53,"column":32},"end":{"line":53,"column":61}},"23":{"start":{"line":55,"column":8},"end":{"line":64,"column":9}},"24":{"start":{"line":57,"column":12},"end":{"line":62,"column":16}},"25":{"start":{"line":66,"column":19},"end":{"line":66,"column":27}},"26":{"start":{"line":67,"column":24},"end":{"line":67,"column":30}},"27":{"start":{"line":68,"column":22},"end":{"line":68,"column":71}},"28":{"start":{"line":70,"column":8},"end":{"line":70,"column":41}},"29":{"start":{"line":72,"column":8},"end":{"line":78,"column":10}},"30":{"start":{"line":80,"column":6},"end":{"line":80,"column":14}},"31":{"start":{"line":84,"column":15},"end":{"line":88,"column":1}},"32":{"start":{"line":85,"column":15},"end":{"line":85,"column":26}},"33":{"start":{"line":86,"column":4},"end":{"line":86,"column":36}},"34":{"start":{"line":87,"column":4},"end":{"line":87,"column":51}},"35":{"start":{"line":90,"column":16},"end":{"line":108,"column":1}},"36":{"start":{"line":91,"column":4},"end":{"line":107,"column":5}},"37":{"start":{"line":92,"column":19},"end":{"line":92,"column":30}},"38":{"start":{"line":93,"column":26},"end":{"line":93,"column":55}},"39":{"start":{"line":95,"column":8},"end":{"line":95,"column":46}},"40":{"start":{"line":97,"column":8},"end":{"line":103,"column":10}},"41":{"start":{"line":106,"column":8},"end":{"line":106,"column":15}},"42":{"start":{"line":110,"column":27},"end":{"line":138,"column":1}},"43":{"start":{"line":111,"column":15},"end":{"line":111,"column":26}},"44":{"start":{"line":113,"column":28},"end":{"line":113,"column":55}},"45":{"start":{"line":115,"column":21},"end":{"line":115,"column":34}},"46":{"start":{"line":116,"column":26},"end":{"line":116,"column":66}},"47":{"start":{"line":118,"column":16},"end":{"line":118,"column":41}},"48":{"start":{"line":119,"column":4},"end":{"line":122,"column":25}},"49":{"start":{"line":124,"column":4},"end":{"line":124,"column":61}},"50":{"start":{"line":125,"column":4},"end":{"line":125,"column":76}},"51":{"start":{"line":127,"column":22},"end":{"line":127,"column":66}},"52":{"start":{"line":129,"column":4},"end":{"line":135,"column":5}},"53":{"start":{"line":130,"column":8},"end":{"line":132,"column":9}},"54":{"start":{"line":134,"column":8},"end":{"line":134,"column":31}},"55":{"start":{"line":137,"column":4},"end":{"line":137,"column":20}},"56":{"start":{"line":140,"column":0},"end":{"line":145,"column":1}}},"fnMap":{"0":{"name":"(anonymous_0)","decl":{"start":{"line":14,"column":17},"end":{"line":14,"column":18}},"loc":{"start":{"line":14,"column":43},"end":{"line":45,"column":1}},"line":14},"1":{"name":"(anonymous_1)","decl":{"start":{"line":47,"column":14},"end":{"line":47,"column":15}},"loc":{"start":{"line":47,"column":40},"end":{"line":82,"column":1}},"line":47},"2":{"name":"(anonymous_2)","decl":{"start":{"line":84,"column":15},"end":{"line":84,"column":16}},"loc":{"start":{"line":84,"column":41},"end":{"line":88,"column":1}},"line":84},"3":{"name":"(anonymous_3)","decl":{"start":{"line":90,"column":16},"end":{"line":90,"column":17}},"loc":{"start":{"line":90,"column":42},"end":{"line":108,"column":1}},"line":90},"4":{"name":"(anonymous_4)","decl":{"start":{"line":110,"column":27},"end":{"line":110,"column":28}},"loc":{"start":{"line":110,"column":42},"end":{"line":138,"column":1}},"line":110}},"branchMap":{"0":{"loc":{"start":{"line":20,"column":8},"end":{"line":29,"column":9}},"type":"if","locations":[{"start":{"line":20,"column":8},"end":{"line":29,"column":9}},{"start":{"line":20,"column":8},"end":{"line":29,"column":9}}],"line":20},"1":{"loc":{"start":{"line":55,"column":8},"end":{"line":64,"column":9}},"type":"if","locations":[{"start":{"line":55,"column":8},"end":{"line":64,"column":9}},{"start":{"line":55,"column":8},"end":{"line":64,"column":9}}],"line":55},"2":{"loc":{"start":{"line":55,"column":11},"end":{"line":55,"column":36}},"type":"binary-expr","locations":[{"start":{"line":55,"column":11},"end":{"line":55,"column":16}},{"start":{"line":55,"column":20},"end":{"line":55,"column":36}}],"line":55},"3":{"loc":{"start":{"line":121,"column":21},"end":{"line":121,"column":79}},"type":"binary-expr","locations":[{"start":{"line":121,"column":21},"end":{"line":121,"column":49}},{"start":{"line":121,"column":53},"end":{"line":121,"column":79}}],"line":121}},"s":{"0":3,"1":3,"2":3,"3":3,"4":3,"5":3,"6":3,"7":3,"8":3,"9":3,"10":2,"11":2,"12":2,"13":2,"14":1,"15":1,"16":1,"17":0,"18":3,"19":2,"20":2,"21":2,"22":2,"23":2,"24":1,"25":1,"26":1,"27":1,"28":1,"29":1,"30":0,"31":3,"32":0,"33":0,"34":0,"35":3,"36":0,"37":0,"38":0,"39":0,"40":0,"41":0,"42":3,"43":0,"44":0,"45":0,"46":0,"47":0,"48":0,"49":0,"50":0,"51":0,"52":0,"53":0,"54":0,"55":0,"56":3},"f":{"0":2,"1":2,"2":0,"3":0,"4":0},"b":{"0":[1,1],"1":[1,1],"2":[2,1],"3":[0,0]},"_coverageSchema":"1a1c01bbd47fc00a2c39e90264f33305004495a9","hash":"fe962013ffd9fff4494cdfa11cbd8cd51ecffafa"}
,"C:\\Users\\Asus\\OneDrive\\Documents\\GO-IT\\05-images\\controllers\\contacts.js": {"path":"C:\\Users\\Asus\\OneDrive\\Documents\\GO-IT\\05-images\\controllers\\contacts.js","statementMap":{"0":{"start":{"line":1,"column":17},"end":{"line":1,"column":47}},"1":{"start":{"line":4,"column":12},"end":{"line":20,"column":3}},"2":{"start":{"line":5,"column":4},"end":{"line":19,"column":5}},"3":{"start":{"line":6,"column":6},"end":{"line":6,"column":28}},"4":{"start":{"line":7,"column":6},"end":{"line":7,"column":31}},"5":{"start":{"line":8,"column":21},"end":{"line":8,"column":32}},"6":{"start":{"line":9,"column":23},"end":{"line":9,"column":64}},"7":{"start":{"line":10,"column":6},"end":{"line":16,"column":8}},"8":{"start":{"line":18,"column":6},"end":{"line":18,"column":14}},"9":{"start":{"line":22,"column":18},"end":{"line":46,"column":3}},"10":{"start":{"line":23,"column":4},"end":{"line":45,"column":5}},"11":{"start":{"line":24,"column":21},"end":{"line":24,"column":32}},"12":{"start":{"line":25,"column":22},"end":{"line":25,"column":67}},"13":{"start":{"line":27,"column":6},"end":{"line":41,"column":7}},"14":{"start":{"line":28,"column":8},"end":{"line":34,"column":10}},"15":{"start":{"line":36,"column":8},"end":{"line":40,"column":10}},"16":{"start":{"line":44,"column":6},"end":{"line":44,"column":14}},"17":{"start":{"line":48,"column":15},"end":{"line":62,"column":3}},"18":{"start":{"line":49,"column":4},"end":{"line":61,"column":5}},"19":{"start":{"line":50,"column":21},"end":{"line":50,"column":32}},"20":{"start":{"line":51,"column":22},"end":{"line":51,"column":73}},"21":{"start":{"line":52,"column":7},"end":{"line":58,"column":8}},"22":{"start":{"line":60,"column":6},"end":{"line":60,"column":14}},"23":{"start":{"line":64,"column":15},"end":{"line":88,"column":3}},"24":{"start":{"line":65,"column":4},"end":{"line":87,"column":5}},"25":{"start":{"line":66,"column":21},"end":{"line":66,"column":32}},"26":{"start":{"line":67,"column":22},"end":{"line":67,"column":66}},"27":{"start":{"line":69,"column":6},"end":{"line":83,"column":7}},"28":{"start":{"line":70,"column":8},"end":{"line":76,"column":10}},"29":{"start":{"line":78,"column":8},"end":{"line":82,"column":10}},"30":{"start":{"line":86,"column":6},"end":{"line":86,"column":14}},"31":{"start":{"line":90,"column":15},"end":{"line":114,"column":3}},"32":{"start":{"line":91,"column":4},"end":{"line":113,"column":5}},"33":{"start":{"line":92,"column":21},"end":{"line":92,"column":32}},"34":{"start":{"line":93,"column":22},"end":{"line":93,"column":76}},"35":{"start":{"line":95,"column":6},"end":{"line":109,"column":7}},"36":{"start":{"line":96,"column":8},"end":{"line":102,"column":10}},"37":{"start":{"line":104,"column":8},"end":{"line":108,"column":10}},"38":{"start":{"line":112,"column":6},"end":{"line":112,"column":14}},"39":{"start":{"line":117,"column":2},"end":{"line":123,"column":3}}},"fnMap":{"0":{"name":"(anonymous_0)","decl":{"start":{"line":4,"column":12},"end":{"line":4,"column":13}},"loc":{"start":{"line":4,"column":38},"end":{"line":20,"column":3}},"line":4},"1":{"name":"(anonymous_1)","decl":{"start":{"line":22,"column":18},"end":{"line":22,"column":19}},"loc":{"start":{"line":22,"column":44},"end":{"line":46,"column":3}},"line":22},"2":{"name":"(anonymous_2)","decl":{"start":{"line":48,"column":15},"end":{"line":48,"column":16}},"loc":{"start":{"line":48,"column":41},"end":{"line":62,"column":3}},"line":48},"3":{"name":"(anonymous_3)","decl":{"start":{"line":64,"column":15},"end":{"line":64,"column":16}},"loc":{"start":{"line":64,"column":41},"end":{"line":88,"column":3}},"line":64},"4":{"name":"(anonymous_4)","decl":{"start":{"line":90,"column":15},"end":{"line":90,"column":16}},"loc":{"start":{"line":90,"column":41},"end":{"line":114,"column":3}},"line":90}},"branchMap":{"0":{"loc":{"start":{"line":27,"column":6},"end":{"line":41,"column":7}},"type":"if","locations":[{"start":{"line":27,"column":6},"end":{"line":41,"column":7}},{"start":{"line":27,"column":6},"end":{"line":41,"column":7}}],"line":27},"1":{"loc":{"start":{"line":69,"column":6},"end":{"line":83,"column":7}},"type":"if","locations":[{"start":{"line":69,"column":6},"end":{"line":83,"column":7}},{"start":{"line":69,"column":6},"end":{"line":83,"column":7}}],"line":69},"2":{"loc":{"start":{"line":95,"column":6},"end":{"line":109,"column":7}},"type":"if","locations":[{"start":{"line":95,"column":6},"end":{"line":109,"column":7}},{"start":{"line":95,"column":6},"end":{"line":109,"column":7}}],"line":95}},"s":{"0":3,"1":3,"2":1,"3":1,"4":1,"5":1,"6":1,"7":1,"8":0,"9":3,"10":2,"11":2,"12":2,"13":2,"14":1,"15":1,"16":0,"17":3,"18":1,"19":1,"20":1,"21":1,"22":0,"23":3,"24":0,"25":0,"26":0,"27":0,"28":0,"29":0,"30":0,"31":3,"32":2,"33":2,"34":2,"35":2,"36":1,"37":1,"38":0,"39":3},"f":{"0":1,"1":2,"2":1,"3":0,"4":2},"b":{"0":[1,1],"1":[0,0],"2":[1,1]},"_coverageSchema":"1a1c01bbd47fc00a2c39e90264f33305004495a9","hash":"5675ddff6d5a562f95cf9a2084752629ce736f86"}
,"C:\\Users\\Asus\\OneDrive\\Documents\\GO-IT\\05-images\\controllers\\users.js": {"path":"C:\\Users\\Asus\\OneDrive\\Documents\\GO-IT\\05-images\\controllers\\users.js","statementMap":{"0":{"start":{"line":2,"column":13},"end":{"line":2,"column":39}},"1":{"start":{"line":3,"column":19},"end":{"line":3,"column":52}},"2":{"start":{"line":6,"column":16},"end":{"line":41,"column":1}},"3":{"start":{"line":8,"column":4},"end":{"line":40,"column":5}},"4":{"start":{"line":10,"column":19},"end":{"line":10,"column":60}},"5":{"start":{"line":11,"column":21},"end":{"line":11,"column":44}},"6":{"start":{"line":16,"column":8},"end":{"line":26,"column":9}},"7":{"start":{"line":18,"column":12},"end":{"line":23,"column":16}},"8":{"start":{"line":28,"column":40},"end":{"line":28,"column":44}},"9":{"start":{"line":30,"column":8},"end":{"line":37,"column":10}},"10":{"start":{"line":39,"column":6},"end":{"line":39,"column":14}},"11":{"start":{"line":43,"column":0},"end":{"line":45,"column":1}}},"fnMap":{"0":{"name":"(anonymous_0)","decl":{"start":{"line":6,"column":16},"end":{"line":6,"column":17}},"loc":{"start":{"line":6,"column":42},"end":{"line":41,"column":1}},"line":6}},"branchMap":{"0":{"loc":{"start":{"line":10,"column":19},"end":{"line":10,"column":60}},"type":"cond-expr","locations":[{"start":{"line":10,"column":34},"end":{"line":10,"column":45}},{"start":{"line":10,"column":48},"end":{"line":10,"column":60}}],"line":10},"1":{"loc":{"start":{"line":16,"column":8},"end":{"line":26,"column":9}},"type":"if","locations":[{"start":{"line":16,"column":8},"end":{"line":26,"column":9}},{"start":{"line":16,"column":8},"end":{"line":26,"column":9}}],"line":16}},"s":{"0":3,"1":3,"2":3,"3":1,"4":1,"5":1,"6":1,"7":0,"8":1,"9":1,"10":0,"11":3},"f":{"0":1},"b":{"0":[0,1],"1":[0,1]},"_coverageSchema":"1a1c01bbd47fc00a2c39e90264f33305004495a9","hash":"9d503ee0bfa6d40756d5040cdffcda8c93f06996"}
,"C:\\Users\\Asus\\OneDrive\\Documents\\GO-IT\\05-images\\helpers\\constants.js": {"path":"C:\\Users\\Asus\\OneDrive\\Documents\\GO-IT\\05-images\\helpers\\constants.js","statementMap":{"0":{"start":{"line":2,"column":21},"end":{"line":6,"column":1}},"1":{"start":{"line":8,"column":17},"end":{"line":17,"column":1}},"2":{"start":{"line":19,"column":0},"end":{"line":22,"column":1}}},"fnMap":{},"branchMap":{},"s":{"0":3,"1":3,"2":3},"f":{},"b":{},"_coverageSchema":"1a1c01bbd47fc00a2c39e90264f33305004495a9","hash":"85940237e3489a4674ac10cd2847cd78bb95c61b"}
,"C:\\Users\\Asus\\OneDrive\\Documents\\GO-IT\\05-images\\helpers\\create-dir.js": {"path":"C:\\Users\\Asus\\OneDrive\\Documents\\GO-IT\\05-images\\helpers\\create-dir.js","statementMap":{"0":{"start":{"line":1,"column":11},"end":{"line":1,"column":33}},"1":{"start":{"line":3,"column":21},"end":{"line":5,"column":1}},"2":{"start":{"line":4,"column":4},"end":{"line":4,"column":62}},"3":{"start":{"line":4,"column":38},"end":{"line":4,"column":42}},"4":{"start":{"line":4,"column":56},"end":{"line":4,"column":61}},"5":{"start":{"line":7,"column":28},"end":{"line":11,"column":1}},"6":{"start":{"line":8,"column":4},"end":{"line":10,"column":5}},"7":{"start":{"line":9,"column":8},"end":{"line":9,"column":30}},"8":{"start":{"line":13,"column":0},"end":{"line":13,"column":36}}},"fnMap":{"0":{"name":"(anonymous_0)","decl":{"start":{"line":3,"column":21},"end":{"line":3,"column":22}},"loc":{"start":{"line":3,"column":31},"end":{"line":5,"column":1}},"line":3},"1":{"name":"(anonymous_1)","decl":{"start":{"line":4,"column":32},"end":{"line":4,"column":33}},"loc":{"start":{"line":4,"column":38},"end":{"line":4,"column":42}},"line":4},"2":{"name":"(anonymous_2)","decl":{"start":{"line":4,"column":50},"end":{"line":4,"column":51}},"loc":{"start":{"line":4,"column":56},"end":{"line":4,"column":61}},"line":4},"3":{"name":"(anonymous_3)","decl":{"start":{"line":7,"column":28},"end":{"line":7,"column":29}},"loc":{"start":{"line":7,"column":46},"end":{"line":11,"column":1}},"line":7}},"branchMap":{"0":{"loc":{"start":{"line":8,"column":4},"end":{"line":10,"column":5}},"type":"if","locations":[{"start":{"line":8,"column":4},"end":{"line":10,"column":5}},{"start":{"line":8,"column":4},"end":{"line":10,"column":5}}],"line":8}},"s":{"0":3,"1":3,"2":0,"3":0,"4":0,"5":3,"6":0,"7":0,"8":3},"f":{"0":0,"1":0,"2":0,"3":0},"b":{"0":[0,0]},"_coverageSchema":"1a1c01bbd47fc00a2c39e90264f33305004495a9","hash":"3bee47a16bddd11b2dcf7dd46c15904d783d384c"}
,"C:\\Users\\Asus\\OneDrive\\Documents\\GO-IT\\05-images\\helpers\\guard.js": {"path":"C:\\Users\\Asus\\OneDrive\\Documents\\GO-IT\\05-images\\helpers\\guard.js","statementMap":{"0":{"start":{"line":1,"column":17},"end":{"line":1,"column":36}},"1":{"start":{"line":2,"column":0},"end":{"line":2,"column":30}},"2":{"start":{"line":4,"column":19},"end":{"line":4,"column":41}},"3":{"start":{"line":6,"column":14},"end":{"line":23,"column":1}},"4":{"start":{"line":7,"column":4},"end":{"line":22,"column":22}},"5":{"start":{"line":9,"column":23},"end":{"line":9,"column":62}},"6":{"start":{"line":11,"column":8},"end":{"line":18,"column":9}},"7":{"start":{"line":12,"column":12},"end":{"line":17,"column":16}},"8":{"start":{"line":20,"column":8},"end":{"line":20,"column":23}},"9":{"start":{"line":21,"column":8},"end":{"line":21,"column":21}},"10":{"start":{"line":25,"column":0},"end":{"line":25,"column":23}}},"fnMap":{"0":{"name":"(anonymous_0)","decl":{"start":{"line":6,"column":14},"end":{"line":6,"column":15}},"loc":{"start":{"line":6,"column":34},"end":{"line":23,"column":1}},"line":6},"1":{"name":"(anonymous_1)","decl":{"start":{"line":7,"column":51},"end":{"line":7,"column":52}},"loc":{"start":{"line":7,"column":64},"end":{"line":22,"column":5}},"line":7}},"branchMap":{"0":{"loc":{"start":{"line":11,"column":8},"end":{"line":18,"column":9}},"type":"if","locations":[{"start":{"line":11,"column":8},"end":{"line":18,"column":9}},{"start":{"line":11,"column":8},"end":{"line":18,"column":9}}],"line":11},"1":{"loc":{"start":{"line":11,"column":11},"end":{"line":11,"column":47}},"type":"binary-expr","locations":[{"start":{"line":11,"column":11},"end":{"line":11,"column":16}},{"start":{"line":11,"column":20},"end":{"line":11,"column":23}},{"start":{"line":11,"column":27},"end":{"line":11,"column":47}}],"line":11}},"s":{"0":3,"1":3,"2":3,"3":3,"4":10,"5":10,"6":10,"7":0,"8":10,"9":10,"10":3},"f":{"0":10,"1":10},"b":{"0":[0,10],"1":[10,10,10]},"_coverageSchema":"1a1c01bbd47fc00a2c39e90264f33305004495a9","hash":"75afe74eedcaa88869c37da266d7db90bff6d6fd"}
,"C:\\Users\\Asus\\OneDrive\\Documents\\GO-IT\\05-images\\helpers\\rate-limit-reg.js": {"path":"C:\\Users\\Asus\\OneDrive\\Documents\\GO-IT\\05-images\\helpers\\rate-limit-reg.js","statementMap":{"0":{"start":{"line":1,"column":18},"end":{"line":1,"column":47}},"1":{"start":{"line":2,"column":19},"end":{"line":2,"column":41}},"2":{"start":{"line":4,"column":29},"end":{"line":16,"column":4}},"3":{"start":{"line":9,"column":8},"end":{"line":14,"column":10}},"4":{"start":{"line":18,"column":0},"end":{"line":18,"column":41}}},"fnMap":{"0":{"name":"(anonymous_0)","decl":{"start":{"line":8,"column":13},"end":{"line":8,"column":14}},"loc":{"start":{"line":8,"column":31},"end":{"line":15,"column":5}},"line":8}},"branchMap":{},"s":{"0":3,"1":3,"2":3,"3":0,"4":3},"f":{"0":0},"b":{},"_coverageSchema":"1a1c01bbd47fc00a2c39e90264f33305004495a9","hash":"c681fe27eca9dcc90998777e3a180a098731d428"}
,"C:\\Users\\Asus\\OneDrive\\Documents\\GO-IT\\05-images\\helpers\\upload.js": {"path":"C:\\Users\\Asus\\OneDrive\\Documents\\GO-IT\\05-images\\helpers\\upload.js","statementMap":{"0":{"start":{"line":1,"column":15},"end":{"line":1,"column":32}},"1":{"start":{"line":2,"column":13},"end":{"line":2,"column":28}},"2":{"start":{"line":3,"column":0},"end":{"line":3,"column":26}},"3":{"start":{"line":4,"column":19},"end":{"line":4,"column":67}},"4":{"start":{"line":6,"column":16},"end":{"line":13,"column":4}},"5":{"start":{"line":8,"column":6},"end":{"line":8,"column":26}},"6":{"start":{"line":11,"column":6},"end":{"line":11,"column":33}},"7":{"start":{"line":15,"column":15},"end":{"line":25,"column":2}},"8":{"start":{"line":19,"column":6},"end":{"line":22,"column":7}},"9":{"start":{"line":20,"column":10},"end":{"line":20,"column":24}},"10":{"start":{"line":21,"column":10},"end":{"line":21,"column":16}},"11":{"start":{"line":23,"column":6},"end":{"line":23,"column":21}},"12":{"start":{"line":27,"column":0},"end":{"line":27,"column":24}}},"fnMap":{"0":{"name":"(anonymous_0)","decl":{"start":{"line":7,"column":17},"end":{"line":7,"column":18}},"loc":{"start":{"line":7,"column":42},"end":{"line":9,"column":5}},"line":7},"1":{"name":"(anonymous_1)","decl":{"start":{"line":10,"column":14},"end":{"line":10,"column":15}},"loc":{"start":{"line":10,"column":39},"end":{"line":12,"column":5}},"line":10},"2":{"name":"(anonymous_2)","decl":{"start":{"line":18,"column":16},"end":{"line":18,"column":17}},"loc":{"start":{"line":18,"column":35},"end":{"line":24,"column":5}},"line":18}},"branchMap":{"0":{"loc":{"start":{"line":19,"column":6},"end":{"line":22,"column":7}},"type":"if","locations":[{"start":{"line":19,"column":6},"end":{"line":22,"column":7}},{"start":{"line":19,"column":6},"end":{"line":22,"column":7}}],"line":19}},"s":{"0":3,"1":3,"2":3,"3":3,"4":3,"5":0,"6":0,"7":3,"8":0,"9":0,"10":0,"11":0,"12":3},"f":{"0":0,"1":0,"2":0},"b":{"0":[0,0]},"_coverageSchema":"1a1c01bbd47fc00a2c39e90264f33305004495a9","hash":"fdc8081f8631d783a20e61b8054d157ce2572fc8"}
,"C:\\Users\\Asus\\OneDrive\\Documents\\GO-IT\\05-images\\model\\contacts.js": {"path":"C:\\Users\\Asus\\OneDrive\\Documents\\GO-IT\\05-images\\model\\contacts.js","statementMap":{"0":{"start":{"line":1,"column":16},"end":{"line":1,"column":45}},"1":{"start":{"line":2,"column":21},"end":{"line":2,"column":39}},"2":{"start":{"line":5,"column":16},"end":{"line":29,"column":1}},"3":{"start":{"line":10,"column":19},"end":{"line":25,"column":8}},"4":{"start":{"line":27,"column":47},"end":{"line":27,"column":54}},"5":{"start":{"line":28,"column":4},"end":{"line":28,"column":61}},"6":{"start":{"line":31,"column":16},"end":{"line":37,"column":1}},"7":{"start":{"line":32,"column":19},"end":{"line":35,"column":6}},"8":{"start":{"line":36,"column":4},"end":{"line":36,"column":17}},"9":{"start":{"line":39,"column":15},"end":{"line":43,"column":1}},"10":{"start":{"line":40,"column":4},"end":{"line":40,"column":22}},"11":{"start":{"line":41,"column":19},"end":{"line":41,"column":45}},"12":{"start":{"line":42,"column":4},"end":{"line":42,"column":17}},"13":{"start":{"line":45,"column":15},"end":{"line":53,"column":1}},"14":{"start":{"line":47,"column":19},"end":{"line":51,"column":5}},"15":{"start":{"line":52,"column":4},"end":{"line":52,"column":17}},"16":{"start":{"line":55,"column":15},"end":{"line":59,"column":1}},"17":{"start":{"line":57,"column":19},"end":{"line":57,"column":75}},"18":{"start":{"line":58,"column":4},"end":{"line":58,"column":17}},"19":{"start":{"line":61,"column":0},"end":{"line":67,"column":1}}},"fnMap":{"0":{"name":"(anonymous_0)","decl":{"start":{"line":5,"column":16},"end":{"line":5,"column":17}},"loc":{"start":{"line":5,"column":91},"end":{"line":29,"column":1}},"line":5},"1":{"name":"(anonymous_1)","decl":{"start":{"line":31,"column":16},"end":{"line":31,"column":17}},"loc":{"start":{"line":31,"column":38},"end":{"line":37,"column":1}},"line":31},"2":{"name":"(anonymous_2)","decl":{"start":{"line":39,"column":15},"end":{"line":39,"column":16}},"loc":{"start":{"line":39,"column":31},"end":{"line":43,"column":1}},"line":39},"3":{"name":"(anonymous_3)","decl":{"start":{"line":45,"column":15},"end":{"line":45,"column":16}},"loc":{"start":{"line":45,"column":43},"end":{"line":53,"column":1}},"line":45},"4":{"name":"(anonymous_4)","decl":{"start":{"line":55,"column":15},"end":{"line":55,"column":16}},"loc":{"start":{"line":55,"column":37},"end":{"line":59,"column":1}},"line":55}},"branchMap":{"0":{"loc":{"start":{"line":5,"column":60},"end":{"line":5,"column":71}},"type":"default-arg","locations":[{"start":{"line":5,"column":68},"end":{"line":5,"column":71}}],"line":5},"1":{"loc":{"start":{"line":5,"column":73},"end":{"line":5,"column":85}},"type":"default-arg","locations":[{"start":{"line":5,"column":82},"end":{"line":5,"column":85}}],"line":5},"2":{"loc":{"start":{"line":16,"column":24},"end":{"line":16,"column":57}},"type":"cond-expr","locations":[{"start":{"line":16,"column":33},"end":{"line":16,"column":52}},{"start":{"line":16,"column":55},"end":{"line":16,"column":57}}],"line":16},"3":{"loc":{"start":{"line":17,"column":24},"end":{"line":17,"column":66}},"type":"cond-expr","locations":[{"start":{"line":17,"column":37},"end":{"line":17,"column":61}},{"start":{"line":17,"column":64},"end":{"line":17,"column":66}}],"line":17},"4":{"loc":{"start":{"line":19,"column":23},"end":{"line":19,"column":64}},"type":"cond-expr","locations":[{"start":{"line":19,"column":32},"end":{"line":19,"column":59}},{"start":{"line":19,"column":62},"end":{"line":19,"column":64}}],"line":19}},"s":{"0":1,"1":1,"2":1,"3":0,"4":0,"5":0,"6":1,"7":0,"8":0,"9":1,"10":0,"11":0,"12":0,"13":1,"14":0,"15":0,"16":1,"17":0,"18":0,"19":1},"f":{"0":0,"1":0,"2":0,"3":0,"4":0},"b":{"0":[0],"1":[0],"2":[0,0],"3":[0,0],"4":[0,0]},"_coverageSchema":"1a1c01bbd47fc00a2c39e90264f33305004495a9","hash":"03bd959a0a0b5e5be5a2d2fb192e9c4fb6d07680"}
,"C:\\Users\\Asus\\OneDrive\\Documents\\GO-IT\\05-images\\model\\schemas\\contacts.js": {"path":"C:\\Users\\Asus\\OneDrive\\Documents\\GO-IT\\05-images\\model\\schemas\\contacts.js","statementMap":{"0":{"start":{"line":1,"column":17},"end":{"line":1,"column":36}},"1":{"start":{"line":2,"column":39},"end":{"line":2,"column":47}},"2":{"start":{"line":3,"column":25},"end":{"line":3,"column":56}},"3":{"start":{"line":5,"column":23},"end":{"line":27,"column":37}},"4":{"start":{"line":20,"column":23},"end":{"line":20,"column":39}},"5":{"start":{"line":29,"column":0},"end":{"line":31,"column":2}},"6":{"start":{"line":30,"column":4},"end":{"line":30,"column":19}},"7":{"start":{"line":34,"column":0},"end":{"line":34,"column":39}},"8":{"start":{"line":35,"column":16},"end":{"line":35,"column":49}},"9":{"start":{"line":37,"column":0},"end":{"line":37,"column":25}}},"fnMap":{"0":{"name":"(anonymous_0)","decl":{"start":{"line":20,"column":12},"end":{"line":20,"column":13}},"loc":{"start":{"line":20,"column":23},"end":{"line":20,"column":39}},"line":20},"1":{"name":"(anonymous_1)","decl":{"start":{"line":29,"column":33},"end":{"line":29,"column":34}},"loc":{"start":{"line":29,"column":37},"end":{"line":31,"column":1}},"line":29}},"branchMap":{"0":{"loc":{"start":{"line":20,"column":23},"end":{"line":20,"column":39}},"type":"cond-expr","locations":[{"start":{"line":20,"column":30},"end":{"line":20,"column":34}},{"start":{"line":20,"column":37},"end":{"line":20,"column":39}}],"line":20}},"s":{"0":1,"1":1,"2":1,"3":1,"4":0,"5":1,"6":0,"7":1,"8":1,"9":1},"f":{"0":0,"1":0},"b":{"0":[0,0]},"_coverageSchema":"1a1c01bbd47fc00a2c39e90264f33305004495a9","hash":"54ae9cf87b72fc49fab47e3d7e360a42dc5d5f71"}
,"C:\\Users\\Asus\\OneDrive\\Documents\\GO-IT\\05-images\\routes\\api\\contacts\\index.js": {"path":"C:\\Users\\Asus\\OneDrive\\Documents\\GO-IT\\05-images\\routes\\api\\contacts\\index.js","statementMap":{"0":{"start":{"line":1,"column":16},"end":{"line":1,"column":34}},"1":{"start":{"line":2,"column":15},"end":{"line":2,"column":31}},"2":{"start":{"line":4,"column":27},"end":{"line":4,"column":69}},"3":{"start":{"line":5,"column":17},"end":{"line":5,"column":40}},"4":{"start":{"line":7,"column":14},"end":{"line":7,"column":49}},"5":{"start":{"line":9,"column":0},"end":{"line":11,"column":70}},"6":{"start":{"line":13,"column":0},"end":{"line":17,"column":30}},"7":{"start":{"line":20,"column":0},"end":{"line":20,"column":23}}},"fnMap":{},"branchMap":{},"s":{"0":3,"1":3,"2":3,"3":3,"4":3,"5":3,"6":3,"7":3},"f":{},"b":{},"_coverageSchema":"1a1c01bbd47fc00a2c39e90264f33305004495a9","hash":"7c890accd98894f9cc22fd264f197f753ebd9c5b"}
,"C:\\Users\\Asus\\OneDrive\\Documents\\GO-IT\\05-images\\routes\\api\\contacts\\validation.js": {"path":"C:\\Users\\Asus\\OneDrive\\Documents\\GO-IT\\05-images\\routes\\api\\contacts\\validation.js","statementMap":{"0":{"start":{"line":1,"column":12},"end":{"line":1,"column":26}},"1":{"start":{"line":2,"column":20},"end":{"line":2,"column":59}},"2":{"start":{"line":4,"column":28},"end":{"line":8,"column":2}},"3":{"start":{"line":10,"column":28},"end":{"line":14,"column":2}},"4":{"start":{"line":16,"column":24},"end":{"line":18,"column":2}},"5":{"start":{"line":26,"column":17},"end":{"line":37,"column":1}},"6":{"start":{"line":27,"column":20},"end":{"line":27,"column":40}},"7":{"start":{"line":28,"column":4},"end":{"line":34,"column":5}},"8":{"start":{"line":29,"column":28},"end":{"line":29,"column":41}},"9":{"start":{"line":30,"column":8},"end":{"line":33,"column":10}},"10":{"start":{"line":36,"column":4},"end":{"line":36,"column":10}},"11":{"start":{"line":39,"column":0},"end":{"line":41,"column":1}},"12":{"start":{"line":40,"column":4},"end":{"line":40,"column":56}},"13":{"start":{"line":43,"column":0},"end":{"line":45,"column":1}},"14":{"start":{"line":44,"column":4},"end":{"line":44,"column":56}},"15":{"start":{"line":47,"column":0},"end":{"line":50,"column":1}},"16":{"start":{"line":49,"column":4},"end":{"line":49,"column":54}}},"fnMap":{"0":{"name":"(anonymous_0)","decl":{"start":{"line":26,"column":17},"end":{"line":26,"column":18}},"loc":{"start":{"line":26,"column":39},"end":{"line":37,"column":1}},"line":26},"1":{"name":"(anonymous_1)","decl":{"start":{"line":39,"column":31},"end":{"line":39,"column":32}},"loc":{"start":{"line":39,"column":50},"end":{"line":41,"column":1}},"line":39},"2":{"name":"(anonymous_2)","decl":{"start":{"line":43,"column":31},"end":{"line":43,"column":32}},"loc":{"start":{"line":43,"column":50},"end":{"line":45,"column":1}},"line":43},"3":{"name":"(anonymous_3)","decl":{"start":{"line":47,"column":27},"end":{"line":47,"column":28}},"loc":{"start":{"line":47,"column":46},"end":{"line":50,"column":1}},"line":47}},"branchMap":{"0":{"loc":{"start":{"line":28,"column":4},"end":{"line":34,"column":5}},"type":"if","locations":[{"start":{"line":28,"column":4},"end":{"line":34,"column":5}},{"start":{"line":28,"column":4},"end":{"line":34,"column":5}}],"line":28}},"s":{"0":3,"1":3,"2":3,"3":3,"4":3,"5":3,"6":10,"7":10,"8":3,"9":3,"10":7,"11":3,"12":3,"13":3,"14":3,"15":3,"16":4},"f":{"0":10,"1":3,"2":3,"3":4},"b":{"0":[3,7]},"_coverageSchema":"1a1c01bbd47fc00a2c39e90264f33305004495a9","hash":"2ad328fa2330909a96e2409d3f491aa2fbed1497"}
,"C:\\Users\\Asus\\OneDrive\\Documents\\GO-IT\\05-images\\routes\\auth\\index.js": {"path":"C:\\Users\\Asus\\OneDrive\\Documents\\GO-IT\\05-images\\routes\\auth\\index.js","statementMap":{"0":{"start":{"line":1,"column":16},"end":{"line":1,"column":34}},"1":{"start":{"line":2,"column":15},"end":{"line":2,"column":31}},"2":{"start":{"line":4,"column":14},"end":{"line":4,"column":46}},"3":{"start":{"line":5,"column":15},"end":{"line":5,"column":48}},"4":{"start":{"line":7,"column":23},"end":{"line":7,"column":58}},"5":{"start":{"line":8,"column":31},"end":{"line":8,"column":54}},"6":{"start":{"line":9,"column":33},"end":{"line":9,"column":74}},"7":{"start":{"line":13,"column":0},"end":{"line":13,"column":71}},"8":{"start":{"line":14,"column":0},"end":{"line":14,"column":43}},"9":{"start":{"line":15,"column":0},"end":{"line":15,"column":52}},"10":{"start":{"line":16,"column":0},"end":{"line":20,"column":1}},"11":{"start":{"line":23,"column":0},"end":{"line":23,"column":23}}},"fnMap":{},"branchMap":{},"s":{"0":3,"1":3,"2":3,"3":3,"4":3,"5":3,"6":3,"7":3,"8":3,"9":3,"10":3,"11":3},"f":{},"b":{},"_coverageSchema":"1a1c01bbd47fc00a2c39e90264f33305004495a9","hash":"c5776187c3d50ba6fa7eaaaf2e5b4e596d6cc041"}
,"C:\\Users\\Asus\\OneDrive\\Documents\\GO-IT\\05-images\\routes\\auth\\validation.js": {"path":"C:\\Users\\Asus\\OneDrive\\Documents\\GO-IT\\05-images\\routes\\auth\\validation.js","statementMap":{"0":{"start":{"line":1,"column":21},"end":{"line":1,"column":57}},"1":{"start":{"line":2,"column":0},"end":{"line":13,"column":1}},"2":{"start":{"line":3,"column":4},"end":{"line":10,"column":5}},"3":{"start":{"line":4,"column":8},"end":{"line":9,"column":10}},"4":{"start":{"line":12,"column":4},"end":{"line":12,"column":10}}},"fnMap":{"0":{"name":"(anonymous_0)","decl":{"start":{"line":2,"column":38},"end":{"line":2,"column":39}},"loc":{"start":{"line":2,"column":58},"end":{"line":13,"column":1}},"line":2}},"branchMap":{"0":{"loc":{"start":{"line":3,"column":4},"end":{"line":10,"column":5}},"type":"if","locations":[{"start":{"line":3,"column":4},"end":{"line":10,"column":5}},{"start":{"line":3,"column":4},"end":{"line":10,"column":5}}],"line":3}},"s":{"0":3,"1":3,"2":0,"3":0,"4":0},"f":{"0":0},"b":{"0":[0,0]},"_coverageSchema":"1a1c01bbd47fc00a2c39e90264f33305004495a9","hash":"f03335481ede2ec1a02a182ab3607039a9c8c5cf"}
,"C:\\Users\\Asus\\OneDrive\\Documents\\GO-IT\\05-images\\routes\\users\\index.js": {"path":"C:\\Users\\Asus\\OneDrive\\Documents\\GO-IT\\05-images\\routes\\users\\index.js","statementMap":{"0":{"start":{"line":1,"column":16},"end":{"line":1,"column":34}},"1":{"start":{"line":2,"column":15},"end":{"line":2,"column":31}},"2":{"start":{"line":4,"column":23},"end":{"line":4,"column":59}},"3":{"start":{"line":5,"column":17},"end":{"line":5,"column":40}},"4":{"start":{"line":8,"column":14},"end":{"line":8,"column":46}},"5":{"start":{"line":13,"column":0},"end":{"line":13,"column":53}},"6":{"start":{"line":15,"column":0},"end":{"line":15,"column":23}}},"fnMap":{},"branchMap":{},"s":{"0":3,"1":3,"2":3,"3":3,"4":3,"5":3,"6":3},"f":{},"b":{},"_coverageSchema":"1a1c01bbd47fc00a2c39e90264f33305004495a9","hash":"cf22a2cd13ed4e642d0f879ac4348145f8c3cbab"}
,"C:\\Users\\Asus\\OneDrive\\Documents\\GO-IT\\05-images\\routes\\users\\validation.js": {"path":"C:\\Users\\Asus\\OneDrive\\Documents\\GO-IT\\05-images\\routes\\users\\validation.js","statementMap":{},"fnMap":{},"branchMap":{},"s":{},"f":{},"b":{},"_coverageSchema":"1a1c01bbd47fc00a2c39e90264f33305004495a9","hash":"8a068742def81286ab852d6d58e7216dad38b2f8"}
}
