TN:
SF:app.js
FN:29,(anonymous_0)
FN:45,(anonymous_1)
FN:49,(anonymous_2)
FNF:3
FNH:1
FNDA:0,(anonymous_0)
FNDA:0,(anonymous_1)
FNDA:3,(anonymous_2)
DA:1,3
DA:2,3
DA:3,3
DA:4,3
DA:5,3
DA:6,3
DA:7,3
DA:8,3
DA:10,3
DA:11,3
DA:12,3
DA:14,3
DA:16,3
DA:18,3
DA:20,3
DA:21,3
DA:22,3
DA:23,3
DA:24,3
DA:26,3
DA:30,0
DA:41,3
DA:42,3
DA:43,3
DA:45,3
DA:46,0
DA:49,3
DA:50,3
DA:53,3
LF:29
LH:27
BRDA:18,0,0,0
BRDA:18,0,1,3
BRDA:50,1,0,3
BRDA:50,1,1,0
BRF:4
BRH:2
end_of_record
TN:
SF:config\passport.js
FN:17,(anonymous_0)
FNF:1
FNH:1
FNDA:10,(anonymous_0)
DA:1,3
DA:2,3
DA:3,3
DA:4,3
DA:6,3
DA:9,3
DA:16,3
DA:18,10
DA:20,10
DA:22,10
DA:23,0
DA:26,10
DA:27,0
DA:30,10
DA:32,0
LF:15
LH:12
BRDA:22,0,0,0
BRDA:22,0,1,10
BRDA:26,1,0,0
BRDA:26,1,1,10
BRF:4
BRH:2
end_of_record
TN:
SF:controllers\auth.js
FN:14,(anonymous_0)
FN:47,(anonymous_1)
FN:84,(anonymous_2)
FN:90,(anonymous_3)
FN:110,(anonymous_4)
FNF:5
FNH:2
FNDA:2,(anonymous_0)
FNDA:2,(anonymous_1)
FNDA:0,(anonymous_2)
FNDA:0,(anonymous_3)
FNDA:0,(anonymous_4)
DA:1,3
DA:2,3
DA:3,3
DA:4,3
DA:5,3
DA:7,3
DA:8,3
DA:9,3
DA:10,3
DA:14,3
DA:16,2
DA:17,2
DA:18,2
DA:20,2
DA:22,1
DA:31,1
DA:33,1
DA:43,0
DA:47,3
DA:49,2
DA:50,2
DA:51,2
DA:53,2
DA:55,2
DA:57,1
DA:66,1
DA:67,1
DA:68,1
DA:70,1
DA:72,1
DA:80,0
DA:84,3
DA:85,0
DA:86,0
DA:87,0
DA:90,3
DA:91,0
DA:92,0
DA:93,0
DA:95,0
DA:97,0
DA:106,0
DA:110,3
DA:111,0
DA:113,0
DA:115,0
DA:116,0
DA:118,0
DA:119,0
DA:124,0
DA:125,0
DA:127,0
DA:129,0
DA:130,0
DA:134,0
DA:137,0
DA:140,3
LF:57
LH:33
BRDA:20,0,0,1
BRDA:20,0,1,1
BRDA:55,1,0,1
BRDA:55,1,1,1
BRDA:55,2,0,2
BRDA:55,2,1,1
BRDA:121,3,0,0
BRDA:121,3,1,0
BRF:8
BRH:6
end_of_record
TN:
SF:controllers\contacts.js
FN:4,(anonymous_0)
FN:22,(anonymous_1)
FN:48,(anonymous_2)
FN:64,(anonymous_3)
FN:90,(anonymous_4)
FNF:5
FNH:4
FNDA:1,(anonymous_0)
FNDA:2,(anonymous_1)
FNDA:1,(anonymous_2)
FNDA:0,(anonymous_3)
FNDA:2,(anonymous_4)
DA:1,3
DA:4,3
DA:5,1
DA:6,1
DA:7,1
DA:8,1
DA:9,1
DA:10,1
DA:18,0
DA:22,3
DA:23,2
DA:24,2
DA:25,2
DA:27,2
DA:28,1
DA:36,1
DA:44,0
DA:48,3
DA:49,1
DA:50,1
DA:51,1
DA:52,1
DA:60,0
DA:64,3
DA:65,0
DA:66,0
DA:67,0
DA:69,0
DA:70,0
DA:78,0
DA:86,0
DA:90,3
DA:91,2
DA:92,2
DA:93,2
DA:95,2
DA:96,1
DA:104,1
DA:112,0
DA:117,3
LF:40
LH:29
BRDA:27,0,0,1
BRDA:27,0,1,1
BRDA:69,1,0,0
BRDA:69,1,1,0
BRDA:95,2,0,1
BRDA:95,2,1,1
BRF:6
BRH:4
end_of_record
TN:
SF:controllers\users.js
FN:6,(anonymous_0)
FNF:1
FNH:1
FNDA:1,(anonymous_0)
DA:2,3
DA:3,3
DA:6,3
DA:8,1
DA:10,1
DA:11,1
DA:16,1
DA:18,0
DA:28,1
DA:30,1
DA:39,0
DA:43,3
LF:12
LH:10
BRDA:10,0,0,0
BRDA:10,0,1,1
BRDA:16,1,0,0
BRDA:16,1,1,1
BRF:4
BRH:2
end_of_record
TN:
SF:helpers\constants.js
FNF:0
FNH:0
DA:2,3
DA:8,3
DA:19,3
LF:3
LH:3
BRF:0
BRH:0
end_of_record
TN:
SF:helpers\create-dir.js
FN:3,(anonymous_0)
FN:4,(anonymous_1)
FN:4,(anonymous_2)
FN:7,(anonymous_3)
FNF:4
FNH:0
FNDA:0,(anonymous_0)
FNDA:0,(anonymous_1)
FNDA:0,(anonymous_2)
FNDA:0,(anonymous_3)
DA:1,3
DA:3,3
DA:4,0
DA:7,3
DA:8,0
DA:9,0
DA:13,3
LF:7
LH:4
BRDA:8,0,0,0
BRDA:8,0,1,0
BRF:2
BRH:0
end_of_record
TN:
SF:helpers\guard.js
FN:6,(anonymous_0)
FN:7,(anonymous_1)
FNF:2
FNH:2
FNDA:10,(anonymous_0)
FNDA:10,(anonymous_1)
DA:1,3
DA:2,3
DA:4,3
DA:6,3
DA:7,10
DA:9,10
DA:11,10
DA:12,0
DA:20,10
DA:21,10
DA:25,3
LF:11
LH:10
BRDA:11,0,0,0
BRDA:11,0,1,10
BRDA:11,1,0,10
BRDA:11,1,1,10
BRDA:11,1,2,10
BRF:5
BRH:4
end_of_record
TN:
SF:helpers\rate-limit-reg.js
FN:8,(anonymous_0)
FNF:1
FNH:0
FNDA:0,(anonymous_0)
DA:1,3
DA:2,3
DA:4,3
DA:9,0
DA:18,3
LF:5
LH:4
BRF:0
BRH:0
end_of_record
TN:
SF:helpers\upload.js
FN:7,(anonymous_0)
FN:10,(anonymous_1)
FN:18,(anonymous_2)
FNF:3
FNH:0
FNDA:0,(anonymous_0)
FNDA:0,(anonymous_1)
FNDA:0,(anonymous_2)
DA:1,3
DA:2,3
DA:3,3
DA:4,3
DA:6,3
DA:8,0
DA:11,0
DA:15,3
DA:19,0
DA:20,0
DA:21,0
DA:23,0
DA:27,3
LF:13
LH:7
BRDA:19,0,0,0
BRDA:19,0,1,0
BRF:2
BRH:0
end_of_record
TN:
SF:model\contacts.js
FN:5,(anonymous_0)
FN:31,(anonymous_1)
FN:39,(anonymous_2)
FN:45,(anonymous_3)
FN:55,(anonymous_4)
FNF:5
FNH:0
FNDA:0,(anonymous_0)
FNDA:0,(anonymous_1)
FNDA:0,(anonymous_2)
FNDA:0,(anonymous_3)
FNDA:0,(anonymous_4)
DA:1,1
DA:2,1
DA:5,1
DA:10,0
DA:27,0
DA:28,0
DA:31,1
DA:32,0
DA:36,0
DA:39,1
DA:40,0
DA:41,0
DA:42,0
DA:45,1
DA:47,0
DA:52,0
DA:55,1
DA:57,0
DA:58,0
DA:61,1
LF:20
LH:8
BRDA:5,0,0,0
BRDA:5,1,0,0
BRDA:16,2,0,0
BRDA:16,2,1,0
BRDA:17,3,0,0
BRDA:17,3,1,0
BRDA:19,4,0,0
BRDA:19,4,1,0
BRF:8
BRH:0
end_of_record
TN:
SF:model\schemas\contacts.js
FN:20,(anonymous_0)
FN:29,(anonymous_1)
FNF:2
FNH:0
FNDA:0,(anonymous_0)
FNDA:0,(anonymous_1)
DA:1,1
DA:2,1
DA:3,1
DA:5,1
DA:20,0
DA:29,1
DA:30,0
DA:34,1
DA:35,1
DA:37,1
LF:10
LH:8
BRDA:20,0,0,0
BRDA:20,0,1,0
BRF:2
BRH:0
end_of_record
TN:
SF:routes\api\contacts\index.js
FNF:0
FNH:0
DA:1,3
DA:2,3
DA:4,3
DA:5,3
DA:7,3
DA:9,3
DA:13,3
DA:20,3
LF:8
LH:8
BRF:0
BRH:0
end_of_record
TN:
SF:routes\api\contacts\validation.js
FN:26,(anonymous_0)
FN:39,(anonymous_1)
FN:43,(anonymous_2)
FN:47,(anonymous_3)
FNF:4
FNH:4
FNDA:10,(anonymous_0)
FNDA:3,(anonymous_1)
FNDA:3,(anonymous_2)
FNDA:4,(anonymous_3)
DA:1,3
DA:2,3
DA:4,3
DA:10,3
DA:16,3
DA:26,3
DA:27,10
DA:28,10
DA:29,3
DA:30,3
DA:36,7
DA:39,3
DA:40,3
DA:43,3
DA:44,3
DA:47,3
DA:49,4
LF:17
LH:17
BRDA:28,0,0,3
BRDA:28,0,1,7
BRF:2
BRH:2
end_of_record
TN:
SF:routes\auth\index.js
FNF:0
FNH:0
DA:1,3
DA:2,3
DA:4,3
DA:5,3
DA:7,3
DA:8,3
DA:9,3
DA:13,3
DA:14,3
DA:15,3
DA:16,3
DA:23,3
LF:12
LH:12
BRF:0
BRH:0
end_of_record
TN:
SF:routes\auth\validation.js
FN:2,(anonymous_0)
FNF:1
FNH:0
FNDA:0,(anonymous_0)
DA:1,3
DA:2,3
DA:3,0
DA:4,0
DA:12,0
LF:5
LH:2
BRDA:3,0,0,0
BRDA:3,0,1,0
BRF:2
BRH:0
end_of_record
TN:
SF:routes\users\index.js
FNF:0
FNH:0
DA:1,3
DA:2,3
DA:4,3
DA:5,3
DA:8,3
DA:13,3
DA:15,3
LF:7
LH:7
BRF:0
BRH:0
end_of_record
TN:
SF:routes\users\validation.js
FNF:0
FNH:0
LF:0
LH:0
BRF:0
BRH:0
end_of_record
